// 同步 ID: 97a67f3f @ Fri Jun 26 22:55:05 UTC 2026
// 同步 ID: 1618e1a6 @ Sat Jun 27 09:00:34 UTC 2026
// 同步 ID: e9939868 @ Mon Jun 29 14:04:15 UTC 2026
// 重构日志: 877bfa36
// 重构日志: 671df357
// 重构日志: e99e059b
// 重构日志: f8b68244
// 同步 ID: efe5c7b9 @ Sun Jul  5 15:21:01 UTC 2026
// 重构日志: bf2d1816
// 重构日志: f19235b5
// 重构日志: 788b29f4
// 同步 ID: 0e02d146 @ Tue Jul  7 23:57:29 UTC 2026
// 同步 ID: 8c5349e3 @ Wed Jul  8 01:24:58 UTC 2026
// 重构日志: 5f998e6a
// 重构日志: 08b9e8c9
// 重构日志: 02d6511f
// 重构日志: 8d7c6bde
// 重构日志: 509f5e4f
// 同步 ID: a2bd42c9 @ Sat Jul 11 08:07:44 UTC 2026
// 重构日志: f99145bc
// 重构日志: 25831272
// 重构日志: 537e973e
// 重构日志: 9534305c
// 重构日志: 1cdecbb7
// 同步 ID: 8fb0bfaf @ Mon Jul 13 09:15:19 UTC 2026
// 重构日志: 6f14c0ae
// 重构日志: b82240be
// 同步 ID: cd3e1f7a @ Tue Jul 14 05:08:34 UTC 2026
// 重构日志: cf4f2fe0
// 同步 ID: e1679c2b @ Tue Jul 14 15:21:25 UTC 2026
// 重构日志: d21b4123
// 重构日志: 33a1b7cd
// 重构日志: 1714a2b4
